# JRE version: OpenJDK Runtime Environment Temurin-11.0.21+9 (11.0.21+9) (build 11.0.21+9)
# Java VM: OpenJDK Client VM Temurin-11.0.21+9 (11.0.21+9, mixed mode, serial gc, windows-x86)
Heap:
 def new generation   total 4992K, used 1018K [0x05000000, 0x05560000, 0x0a550000)
  eden space 4480K,  16% used [0x05000000, 0x050b68d0, 0x05460000)
  from space 512K,  56% used [0x05460000, 0x054a7fa0, 0x054e0000)
  to   space 512K,   0% used [0x054e0000, 0x054e0000, 0x05560000)
 tenured generation   total 10944K, used 9239K [0x0a550000, 0x0b000000, 0x15000000)
   the space 10944K,  84% used [0x0a550000, 0x0ae55c28, 0x0ae55e00, 0x0b000000)
 Metaspace       used 13991K, capacity 14238K, committed 14336K, reserved 14720K
GC Heap History (20 events):
Event: 0.587 GC heap before
{Heap before GC invocations=4 (full 0):
 def new generation   total 4928K, used 4647K [0x05000000, 0x05550000, 0x0a550000)
  eden space 4416K, 100% used [0x05000000, 0x05450000, 0x05450000)
  from space 512K,  45% used [0x05450000, 0x05489e00, 0x054d0000)
  to   space 512K,   0% used [0x054d0000, 0x054d0000, 0x05550000)
 tenured generation   total 10944K, used 1898K [0x0a550000, 0x0b000000, 0x15000000)
   the space 10944K,  17% used [0x0a550000, 0x0a72a820, 0x0a72aa00, 0x0b000000)
 Metaspace       used 7779K, capacity 7911K, committed 7936K, reserved 8576K
}
Event: 0.589 GC heap after
{Heap after GC invocations=5 (full 0):
 def new generation   total 4928K, used 472K [0x05000000, 0x05550000, 0x0a550000)
  eden space 4416K,   0% used [0x05000000, 0x05000000, 0x05450000)
  from space 512K,  92% used [0x054d0000, 0x055461b8, 0x05550000)
  to   space 512K,   0% used [0x05450000, 0x05450000, 0x054d0000)
 tenured generation   total 10944K, used 2346K [0x0a550000, 0x0b000000, 0x15000000)
   the space 10944K,  21% used [0x0a550000, 0x0a79a830, 0x0a79aa00, 0x0b000000)
 Metaspace       used 7779K, capacity 7911K, committed 7936K, reserved 8576K
}
Event: 0.656 GC heap before
{Heap before GC invocations=5 (full 0):
 def new generation   total 4928K, used 4888K [0x05000000, 0x05550000, 0x0a550000)
  eden space 4416K, 100% used [0x05000000, 0x05450000, 0x05450000)
  from space 512K,  92% used [0x054d0000, 0x055461b8, 0x05550000)
  to   space 512K,   0% used [0x05450000, 0x05450000, 0x054d0000)
 tenured generation   total 10944K, used 2346K [0x0a550000, 0x0b000000, 0x15000000)
   the space 10944K,  21% used [0x0a550000, 0x0a79a830, 0x0a79aa00, 0x0b000000)
 Metaspace       used 9333K, capacity 9475K, committed 9600K, reserved 9600K
}
Event: 0.658 GC heap after
{Heap after GC invocations=6 (full 0):
 def new generation   total 4928K, used 512K [0x05000000, 0x05550000, 0x0a550000)
  eden space 4416K,   0% used [0x05000000, 0x05000000, 0x05450000)
  from space 512K, 100% used [0x05450000, 0x054d0000, 0x054d0000)
  to   space 512K,   0% used [0x054d0000, 0x054d0000, 0x05550000)
 tenured generation   total 10944K, used 3143K [0x0a550000, 0x0b000000, 0x15000000)
   the space 10944K,  28% used [0x0a550000, 0x0a861d90, 0x0a861e00, 0x0b000000)
 Metaspace       used 9333K, capacity 9475K, committed 9600K, reserved 9600K
}
Event: 0.723 GC heap before
{Heap before GC invocations=6 (full 0):
 def new generation   total 4928K, used 4928K [0x05000000, 0x05550000, 0x0a550000)
  eden space 4416K, 100% used [0x05000000, 0x05450000, 0x05450000)
  from space 512K, 100% used [0x05450000, 0x054d0000, 0x054d0000)
  to   space 512K,   0% used [0x054d0000, 0x054d0000, 0x05550000)
 tenured generation   total 10944K, used 3143K [0x0a550000, 0x0b000000, 0x15000000)
   the space 10944K,  28% used [0x0a550000, 0x0a861d90, 0x0a861e00, 0x0b000000)
 Metaspace       used 10679K, capacity 10837K, committed 10880K, reserved 11648K
}
Event: 0.725 GC heap after
{Heap after GC invocations=7 (full 0):
 def new generation   total 4928K, used 512K [0x05000000, 0x05550000, 0x0a550000)
  eden space 4416K,   0% used [0x05000000, 0x05000000, 0x05450000)
  from space 512K, 100% used [0x054d0000, 0x05550000, 0x05550000)
  to   space 512K,   0% used [0x05450000, 0x05450000, 0x054d0000)
 tenured generation   total 10944K, used 3924K [0x0a550000, 0x0b000000, 0x15000000)
   the space 10944K,  35% used [0x0a550000, 0x0a925178, 0x0a925200, 0x0b000000)
 Metaspace       used 10679K, capacity 10837K, committed 10880K, reserved 11648K
}
Event: 0.770 GC heap before
{Heap before GC invocations=7 (full 0):
 def new generation   total 4928K, used 4928K [0x05000000, 0x05550000, 0x0a550000)
  eden space 4416K, 100% used [0x05000000, 0x05450000, 0x05450000)
  from space 512K, 100% used [0x054d0000, 0x05550000, 0x05550000)
  to   space 512K,   0% used [0x05450000, 0x05450000, 0x054d0000)
 tenured generation   total 10944K, used 3924K [0x0a550000, 0x0b000000, 0x15000000)
   the space 10944K,  35% used [0x0a550000, 0x0a925178, 0x0a925200, 0x0b000000)
 Metaspace       used 11217K, capacity 11393K, committed 11520K, reserved 11648K
}
Event: 0.773 GC heap after
{Heap after GC invocations=8 (full 0):
 def new generation   total 4928K, used 512K [0x05000000, 0x05550000, 0x0a550000)
  eden space 4416K,   0% used [0x05000000, 0x05000000, 0x05450000)
  from space 512K, 100% used [0x05450000, 0x054d0000, 0x054d0000)
  to   space 512K,   0% used [0x054d0000, 0x054d0000, 0x05550000)
 tenured generation   total 10944K, used 4924K [0x0a550000, 0x0b000000, 0x15000000)
   the space 10944K,  45% used [0x0a550000, 0x0aa1f3a0, 0x0aa1f400, 0x0b000000)
 Metaspace       used 11217K, capacity 11393K, committed 11520K, reserved 11648K
}
Event: 0.829 GC heap before
{Heap before GC invocations=8 (full 0):
 def new generation   total 4928K, used 4928K [0x05000000, 0x05550000, 0x0a550000)
  eden space 4416K, 100% used [0x05000000, 0x05450000, 0x05450000)
  from space 512K, 100% used [0x05450000, 0x054d0000, 0x054d0000)
  to   space 512K,   0% used [0x054d0000, 0x054d0000, 0x05550000)
 tenured generation   total 10944K, used 4924K [0x0a550000, 0x0b000000, 0x15000000)
   the space 10944K,  45% used [0x0a550000, 0x0aa1f3a0, 0x0aa1f400, 0x0b000000)
 Metaspace       used 11890K, capacity 12101K, committed 12160K, reserved 12672K
}
Event: 0.832 GC heap after
{Heap after GC invocations=9 (full 0):
 def new generation   total 4928K, used 414K [0x05000000, 0x05550000, 0x0a550000)
  eden space 4416K,   0% used [0x05000000, 0x05000000, 0x05450000)
  from space 512K,  81% used [0x054d0000, 0x05537b58, 0x05550000)
  to   space 512K,   0% used [0x05450000, 0x05450000, 0x054d0000)
 tenured generation   total 10944K, used 5433K [0x0a550000, 0x0b000000, 0x15000000)
   the space 10944K,  49% used [0x0a550000, 0x0aa9e630, 0x0aa9e800, 0x0b000000)
 Metaspace       used 11890K, capacity 12101K, committed 12160K, reserved 12672K
}
Event: 0.864 GC heap before
{Heap before GC invocations=9 (full 0):
 def new generation   total 4928K, used 1590K [0x05000000, 0x05550000, 0x0a550000)
  eden space 4416K,  26% used [0x05000000, 0x05125df0, 0x05450000)
  from space 512K,  81% used [0x054d0000, 0x05537b58, 0x05550000)
  to   space 512K,   0% used [0x05450000, 0x05450000, 0x054d0000)
 tenured generation   total 10944K, used 5433K [0x0a550000, 0x0b000000, 0x15000000)
   the space 10944K,  49% used [0x0a550000, 0x0aa9e630, 0x0aa9e800, 0x0b000000)
 Metaspace       used 12098K, capacity 12270K, committed 12288K, reserved 12672K
}
Event: 0.875 GC heap after
{Heap after GC invocations=10 (full 1):
 def new generation   total 4992K, used 0K [0x05000000, 0x05560000, 0x0a550000)
  eden space 4480K,   0% used [0x05000000, 0x05000000, 0x05460000)
  from space 512K,   0% used [0x05460000, 0x05460000, 0x054e0000)
  to   space 512K,   0% used [0x054e0000, 0x054e0000, 0x05560000)
 tenured generation   total 10944K, used 5879K [0x0a550000, 0x0b000000, 0x15000000)
   the space 10944K,  53% used [0x0a550000, 0x0ab0dcc8, 0x0ab0de00, 0x0b000000)
 Metaspace       used 12098K, capacity 12270K, committed 12288K, reserved 12672K
}
Event: 0.944 GC heap before
{Heap before GC invocations=10 (full 1):
 def new generation   total 4992K, used 4480K [0x05000000, 0x05560000, 0x0a550000)
  eden space 4480K, 100% used [0x05000000, 0x05460000, 0x05460000)
  from space 512K,   0% used [0x05460000, 0x05460000, 0x054e0000)
  to   space 512K,   0% used [0x054e0000, 0x054e0000, 0x05560000)
 tenured generation   total 10944K, used 5879K [0x0a550000, 0x0b000000, 0x15000000)
   the space 10944K,  53% used [0x0a550000, 0x0ab0dcc8, 0x0ab0de00, 0x0b000000)
 Metaspace       used 12517K, capacity 12722K, committed 12800K, reserved 13696K
}
Event: 0.946 GC heap after
{Heap after GC invocations=11 (full 1):
 def new generation   total 4992K, used 512K [0x05000000, 0x05560000, 0x0a550000)
  eden space 4480K,   0% used [0x05000000, 0x05000000, 0x05460000)
  from space 512K, 100% used [0x054e0000, 0x05560000, 0x05560000)
  to   space 512K,   0% used [0x05460000, 0x05460000, 0x054e0000)
 tenured generation   total 10944K, used 6070K [0x0a550000, 0x0b000000, 0x15000000)
   the space 10944K,  55% used [0x0a550000, 0x0ab3da88, 0x0ab3dc00, 0x0b000000)
 Metaspace       used 12517K, capacity 12722K, committed 12800K, reserved 13696K
}
Event: 1.060 GC heap before
{Heap before GC invocations=11 (full 1):
 def new generation   total 4992K, used 4949K [0x05000000, 0x05560000, 0x0a550000)
  eden space 4480K,  99% used [0x05000000, 0x05455580, 0x05460000)
  from space 512K, 100% used [0x054e0000, 0x05560000, 0x05560000)
  to   space 512K,   0% used [0x05460000, 0x05460000, 0x054e0000)
 tenured generation   total 10944K, used 6070K [0x0a550000, 0x0b000000, 0x15000000)
   the space 10944K,  55% used [0x0a550000, 0x0ab3da88, 0x0ab3dc00, 0x0b000000)
 Metaspace       used 12999K, capacity 13218K, committed 13312K, reserved 13696K
}
Event: 1.063 GC heap after
{Heap after GC invocations=12 (full 1):
 def new generation   total 4992K, used 512K [0x05000000, 0x05560000, 0x0a550000)
  eden space 4480K,   0% used [0x05000000, 0x05000000, 0x05460000)
  from space 512K, 100% used [0x05460000, 0x054e0000, 0x054e0000)
  to   space 512K,   0% used [0x054e0000, 0x054e0000, 0x05560000)
 tenured generation   total 10944K, used 6992K [0x0a550000, 0x0b000000, 0x15000000)
   the space 10944K,  63% used [0x0a550000, 0x0ac24210, 0x0ac24400, 0x0b000000)
 Metaspace       used 12999K, capacity 13218K, committed 13312K, reserved 13696K
}
Event: 1.143 GC heap before
{Heap before GC invocations=12 (full 1):
 def new generation   total 4992K, used 4371K [0x05000000, 0x05560000, 0x0a550000)
  eden space 4480K,  86% used [0x05000000, 0x053c4dc0, 0x05460000)
  from space 512K, 100% used [0x05460000, 0x054e0000, 0x054e0000)
  to   space 512K,   0% used [0x054e0000, 0x054e0000, 0x05560000)
 tenured generation   total 10944K, used 6992K [0x0a550000, 0x0b000000, 0x15000000)
   the space 10944K,  63% used [0x0a550000, 0x0ac24210, 0x0ac24400, 0x0b000000)
 Metaspace       used 13617K, capacity 13868K, committed 13952K, reserved 14720K
}
Event: 1.145 GC heap after
{Heap after GC invocations=13 (full 1):
 def new generation   total 4992K, used 512K [0x05000000, 0x05560000, 0x0a550000)
  eden space 4480K,   0% used [0x05000000, 0x05000000, 0x05460000)
  from space 512K, 100% used [0x054e0000, 0x05560000, 0x05560000)
  to   space 512K,   0% used [0x05460000, 0x05460000, 0x054e0000)
 tenured generation   total 10944K, used 7718K [0x0a550000, 0x0b000000, 0x15000000)
   the space 10944K,  70% used [0x0a550000, 0x0acd9860, 0x0acd9a00, 0x0b000000)
 Metaspace       used 13617K, capacity 13868K, committed 13952K, reserved 14720K
}
Event: 2.874 GC heap before
{Heap before GC invocations=13 (full 1):
 def new generation   total 4992K, used 4992K [0x05000000, 0x05560000, 0x0a550000)
  eden space 4480K, 100% used [0x05000000, 0x05460000, 0x05460000)
  from space 512K, 100% used [0x054e0000, 0x05560000, 0x05560000)
  to   space 512K,   0% used [0x05460000, 0x05460000, 0x054e0000)
 tenured generation   total 10944K, used 7718K [0x0a550000, 0x0b000000, 0x15000000)
   the space 10944K,  70% used [0x0a550000, 0x0acd9860, 0x0acd9a00, 0x0b000000)
 Metaspace       used 13965K, capacity 14224K, committed 14336K, reserved 14720K
}
Event: 2.878 GC heap after
{Heap after GC invocations=14 (full 1):
 def new generation   total 4992K, used 287K [0x05000000, 0x05560000, 0x0a550000)
  eden space 4480K,   0% used [0x05000000, 0x05000000, 0x05460000)
  from space 512K,  56% used [0x05460000, 0x054a7fa0, 0x054e0000)
  to   space 512K,   0% used [0x054e0000, 0x054e0000, 0x05560000)
 tenured generation   total 10944K, used 9239K [0x0a550000, 0x0b000000, 0x15000000)
   the space 10944K,  84% used [0x0a550000, 0x0ae55c28, 0x0ae55e00, 0x0b000000)
 Metaspace       used 13965K, capacity 14224K, committed 14336K, reserved 14720K
}

